build/app/intermediates/manifest_merge_blame_file/release/manifest-merger-blame-release-report.txt
1<?xml version="1.0" encoding="utf-8"?>
2<manifest xmlns:android="http://schemas.android.com/apk/res/android"
3    package="com.example.kasetchana_flutter"
4    android:versionCode="1"
5    android:versionName="1.0.0" >
6
7    <uses-sdk
8        android:minSdkVersion="20"
8-->src\main\AndroidManifest.xml
9        android:targetSdkVersion="30" />
9-->src\main\AndroidManifest.xml
10
11    <uses-permission android:name="android.permission.ACCESS_FINE_LOCATION" />
11-->src\main\AndroidManifest.xml:3:5-78
11-->src\main\AndroidManifest.xml:3:22-76
12    <uses-permission android:name="android.permission.ACCESS_COARSE_LOCATION" />
12-->src\main\AndroidManifest.xml:4:5-81
12-->src\main\AndroidManifest.xml:4:22-78
13    <uses-permission android:name="android.permission.INTERNET" />
13-->src\main\AndroidManifest.xml:5:5-67
13-->src\main\AndroidManifest.xml:5:22-64
14    <!-- Include required permissions for Google Maps API to run. -->
15    <uses-permission android:name="android.permission.ACCESS_NETWORK_STATE" />
15-->[com.google.android.gms:play-services-maps:17.0.0] AndroidManifest.xml:23:5-79
15-->[com.google.android.gms:play-services-maps:17.0.0] AndroidManifest.xml:23:22-76
16
17    <uses-feature
17-->[com.google.android.gms:play-services-maps:17.0.0] AndroidManifest.xml:26:5-28:35
18        android:glEsVersion="0x00020000"
18-->[com.google.android.gms:play-services-maps:17.0.0] AndroidManifest.xml:27:9-41
19        android:required="true" />
19-->[com.google.android.gms:play-services-maps:17.0.0] AndroidManifest.xml:28:9-32
20
21    <application
21-->src\main\AndroidManifest.xml:6:4-49:19
22        android:appComponentFactory="androidx.core.app.CoreComponentFactory"
22-->[androidx.core:core:1.3.2] AndroidManifest.xml:24:18-86
23        android:icon="@mipmap/ic_launcher"
23-->src\main\AndroidManifest.xml:8:9-43
24        android:label="KasetchanaApp"
24-->src\main\AndroidManifest.xml:7:9-38
25        android:requestLegacyExternalStorage="true" >
25-->src\main\AndroidManifest.xml:9:9-52
26        <meta-data
26-->src\main\AndroidManifest.xml:11:8-12:69
27            android:name="com.google.android.geo.API_KEY"
27-->src\main\AndroidManifest.xml:11:19-64
28            android:value="AIzaSyBxxP1QDeqynJ9htYcbx7ZwwZL0PdXyZwE" />
28-->src\main\AndroidManifest.xml:12:12-67
29
30        <activity
30-->src\main\AndroidManifest.xml:14:9-43:20
31            android:name="com.example.kasetchana_flutter.MainActivity"
31-->src\main\AndroidManifest.xml:15:13-41
32            android:configChanges="orientation|keyboardHidden|keyboard|screenSize|smallestScreenSize|locale|layoutDirection|fontScale|screenLayout|density|uiMode"
32-->src\main\AndroidManifest.xml:18:13-163
33            android:hardwareAccelerated="true"
33-->src\main\AndroidManifest.xml:19:13-47
34            android:launchMode="singleTop"
34-->src\main\AndroidManifest.xml:16:13-43
35            android:theme="@style/LaunchTheme"
35-->src\main\AndroidManifest.xml:17:13-47
36            android:windowSoftInputMode="adjustResize" >
36-->src\main\AndroidManifest.xml:20:13-55
37
38            <!--
39                 Specifies an Android theme to apply to this Activity as soon as
40                 the Android process has started. This theme is visible to the user
41                 while the Flutter UI initializes. After that, this theme continues
42                 to determine the Window background behind the Flutter UI.
43            -->
44            <meta-data
44-->src\main\AndroidManifest.xml:26:13-29:17
45                android:name="io.flutter.embedding.android.NormalTheme"
45-->src\main\AndroidManifest.xml:27:15-70
46                android:resource="@style/NormalTheme" />
46-->src\main\AndroidManifest.xml:28:15-52
47            <!--
48                 Displays an Android View that continues showing the launch screen
49                 Drawable until Flutter paints its first frame, then this splash
50                 screen fades out. A splash screen is useful to avoid any visual
51                 gap between the end of Android's launch screen and the painting of
52                 Flutter's first frame.
53            -->
54            <meta-data
54-->src\main\AndroidManifest.xml:35:13-38:17
55                android:name="io.flutter.embedding.android.SplashScreenDrawable"
55-->src\main\AndroidManifest.xml:36:15-79
56                android:resource="@drawable/launch_background" />
56-->src\main\AndroidManifest.xml:37:15-61
57
58            <intent-filter>
58-->src\main\AndroidManifest.xml:39:13-42:29
59                <action android:name="android.intent.action.MAIN" />
59-->src\main\AndroidManifest.xml:40:17-68
59-->src\main\AndroidManifest.xml:40:25-66
60
61                <category android:name="android.intent.category.LAUNCHER" />
61-->src\main\AndroidManifest.xml:41:17-76
61-->src\main\AndroidManifest.xml:41:27-74
62            </intent-filter>
63        </activity>
64        <!--
65             Don't delete the meta-data below.
66             This is used by the Flutter tool to generate GeneratedPluginRegistrant.java
67        -->
68        <meta-data
68-->src\main\AndroidManifest.xml:46:9-48:33
69            android:name="flutterEmbedding"
69-->src\main\AndroidManifest.xml:47:13-44
70            android:value="2" />
70-->src\main\AndroidManifest.xml:48:13-30
71
72        <provider
72-->[:image_picker] AndroidManifest.xml:8:9-16:20
73            android:name="io.flutter.plugins.imagepicker.ImagePickerFileProvider"
73-->[:image_picker] AndroidManifest.xml:9:13-82
74            android:authorities="com.example.kasetchana_flutter.flutter.image_provider"
74-->[:image_picker] AndroidManifest.xml:10:13-74
75            android:exported="false"
75-->[:image_picker] AndroidManifest.xml:11:13-37
76            android:grantUriPermissions="true" >
76-->[:image_picker] AndroidManifest.xml:12:13-47
77            <meta-data
77-->[:image_picker] AndroidManifest.xml:13:13-15:75
78                android:name="android.support.FILE_PROVIDER_PATHS"
78-->[:image_picker] AndroidManifest.xml:14:17-67
79                android:resource="@xml/flutter_image_picker_file_paths" />
79-->[:image_picker] AndroidManifest.xml:15:17-72
80        </provider>
81
82        <activity
82-->[:url_launcher] AndroidManifest.xml:8:9-11:74
83            android:name="io.flutter.plugins.urllauncher.WebViewActivity"
83-->[:url_launcher] AndroidManifest.xml:9:13-74
84            android:exported="false"
84-->[:url_launcher] AndroidManifest.xml:10:13-37
85            android:theme="@android:style/Theme.NoTitleBar.Fullscreen" />
85-->[:url_launcher] AndroidManifest.xml:11:13-71
86
87        <service
87-->[:location] AndroidManifest.xml:11:9-15:56
88            android:name="com.lyokone.location.FlutterLocationService"
88-->[:location] AndroidManifest.xml:12:13-71
89            android:enabled="true"
89-->[:location] AndroidManifest.xml:13:13-35
90            android:exported="false"
90-->[:location] AndroidManifest.xml:14:13-37
91            android:foregroundServiceType="location" /> <!-- Needs to be explicitly declared on P+ -->
91-->[:location] AndroidManifest.xml:15:13-53
92        <uses-library
92-->[com.google.android.gms:play-services-maps:17.0.0] AndroidManifest.xml:33:9-35:40
93            android:name="org.apache.http.legacy"
93-->[com.google.android.gms:play-services-maps:17.0.0] AndroidManifest.xml:34:13-50
94            android:required="false" />
94-->[com.google.android.gms:play-services-maps:17.0.0] AndroidManifest.xml:35:13-37
95
96        <activity
96-->[com.google.android.gms:play-services-base:17.0.0] AndroidManifest.xml:23:9-26:75
97            android:name="com.google.android.gms.common.api.GoogleApiActivity"
97-->[com.google.android.gms:play-services-base:17.0.0] AndroidManifest.xml:24:13-79
98            android:exported="false"
98-->[com.google.android.gms:play-services-base:17.0.0] AndroidManifest.xml:25:13-37
99            android:theme="@android:style/Theme.Translucent.NoTitleBar" />
99-->[com.google.android.gms:play-services-base:17.0.0] AndroidManifest.xml:26:13-72
100
101        <meta-data
101-->[com.google.android.gms:play-services-basement:17.0.0] AndroidManifest.xml:23:9-25:69
102            android:name="com.google.android.gms.version"
102-->[com.google.android.gms:play-services-basement:17.0.0] AndroidManifest.xml:24:13-58
103            android:value="@integer/google_play_services_version" />
103-->[com.google.android.gms:play-services-basement:17.0.0] AndroidManifest.xml:25:13-66
104    </application>
105
106</manifest>